<?xml version="1.0" encoding="UTF-8"?>
<!-- Generated by org.testng.reporters.JUnitReportReporter -->
<testsuite hostname="System256" failures="0" tests="1" name="mx.com.microsoft.Test.TC_SearchValidation" time="17.445" errors="0" timestamp="2022-09-03T16:15:38 CDT" skipped="0">
  <testcase classname="mx.com.microsoft.Test.TC_SearchValidation" name="searchValidation" time="17.445"/>
  <system-out/>
</testsuite> <!-- mx.com.microsoft.Test.TC_SearchValidation -->
