<?xml version="1.0" encoding="UTF-8"?>
<!-- Generated by org.testng.reporters.JUnitReportReporter -->
<testsuite hostname="System256" failures="0" tests="1" name="com.restapiexample.dummy.TC_Employees" time="1.321" errors="0" timestamp="2022-09-03T16:17:14 CDT" skipped="0">
  <testcase classname="com.restapiexample.dummy.TC_Employees" name="test_getAllEmployees" time="1.321"/>
  <system-out/>
</testsuite> <!-- com.restapiexample.dummy.TC_Employees -->
