<?xml version="1.0" encoding="UTF-8"?>
<!-- Generated by org.testng.reporters.JUnitReportReporter -->
<testsuite hostname="System256" failures="0" tests="1" name="employeeAPI.TC_Employees" time="1.271" errors="0" timestamp="2022-09-03T12:52:28 CDT" skipped="0">
  <testcase classname="employeeAPI.TC_Employees" name="test_getAllEmployees" time="1.271"/>
  <system-out/>
</testsuite> <!-- employeeAPI.TC_Employees -->
