<?xml version="1.0" encoding="UTF-8"?>
<!-- Generated by org.testng.reporters.JUnitReportReporter -->
<testsuite hostname="System256" failures="0" tests="1" name="mx.com.microsoft.SearchValidation" time="16.387" errors="0" timestamp="2022-09-02T00:26:08 CDT" skipped="0">
  <testcase classname="mx.com.microsoft.SearchValidation" name="searchValidation" time="16.387"/>
  <system-out/>
</testsuite> <!-- mx.com.microsoft.SearchValidation -->
